{"/Users/omarcherqaoui/tangerine-v2-2/src/app/utils/storage.js": {"path":"/Users/omarcherqaoui/tangerine-v2-2/src/app/utils/storage.js","statementMap":{"0":{"start":{"line":11,"column":21},"end":{"line":11,"column":79}},"1":{"start":{"line":11,"column":28},"end":{"line":11,"column":78}},"2":{"start":{"line":13,"column":33},"end":{"line":43,"column":1}},"3":{"start":{"line":14,"column":15},"end":{"line":26,"column":4}},"4":{"start":{"line":14,"column":36},"end":{"line":26,"column":4}},"5":{"start":{"line":15,"column":4},"end":{"line":25,"column":null}},"6":{"start":{"line":16,"column":6},"end":{"line":22,"column":null}},"7":{"start":{"line":17,"column":8},"end":{"line":20,"column":null}},"8":{"start":{"line":18,"column":10},"end":{"line":18,"column":null}},"9":{"start":{"line":19,"column":10},"end":{"line":19,"column":null}},"10":{"start":{"line":21,"column":8},"end":{"line":21,"column":null}},"11":{"start":{"line":24,"column":6},"end":{"line":24,"column":null}},"12":{"start":{"line":28,"column":2},"end":{"line":42,"column":null}},"13":{"start":{"line":30,"column":20},"end":{"line":30,"column":57}},"14":{"start":{"line":31,"column":6},"end":{"line":31,"column":null}},"15":{"start":{"line":34,"column":25},"end":{"line":34,"column":82}},"16":{"start":{"line":35,"column":6},"end":{"line":35,"column":null}},"17":{"start":{"line":36,"column":6},"end":{"line":36,"column":null}},"18":{"start":{"line":39,"column":6},"end":{"line":39,"column":null}},"19":{"start":{"line":40,"column":6},"end":{"line":40,"column":null}},"20":{"start":{"line":45,"column":33},"end":{"line":58,"column":2}},"21":{"start":{"line":45,"column":43},"end":{"line":58,"column":1}},"22":{"start":{"line":47,"column":18},"end":{"line":47,"column":47}},"23":{"start":{"line":48,"column":4},"end":{"line":48,"column":null}},"24":{"start":{"line":51,"column":4},"end":{"line":51,"column":null}},"25":{"start":{"line":52,"column":4},"end":{"line":52,"column":null}},"26":{"start":{"line":55,"column":4},"end":{"line":55,"column":null}},"27":{"start":{"line":56,"column":4},"end":{"line":56,"column":null}},"28":{"start":{"line":60,"column":26},"end":{"line":78,"column":1}},"29":{"start":{"line":61,"column":14},"end":{"line":61,"column":28}},"30":{"start":{"line":62,"column":2},"end":{"line":62,"column":null}},"31":{"start":{"line":62,"column":12},"end":{"line":62,"column":null}},"32":{"start":{"line":64,"column":2},"end":{"line":66,"column":null}},"33":{"start":{"line":65,"column":4},"end":{"line":65,"column":null}},"34":{"start":{"line":68,"column":2},"end":{"line":70,"column":null}},"35":{"start":{"line":69,"column":4},"end":{"line":69,"column":null}},"36":{"start":{"line":72,"column":2},"end":{"line":77,"column":null}},"37":{"start":{"line":73,"column":4},"end":{"line":73,"column":null}},"38":{"start":{"line":75,"column":4},"end":{"line":75,"column":null}},"39":{"start":{"line":76,"column":4},"end":{"line":76,"column":null}},"40":{"start":{"line":80,"column":18},"end":{"line":86,"column":1}},"41":{"start":{"line":81,"column":2},"end":{"line":85,"column":null}},"42":{"start":{"line":82,"column":4},"end":{"line":82,"column":null}},"43":{"start":{"line":84,"column":4},"end":{"line":84,"column":null}},"44":{"start":{"line":88,"column":29},"end":{"line":235,"column":2}},"45":{"start":{"line":88,"column":43},"end":{"line":235,"column":1}},"46":{"start":{"line":90,"column":4},"end":{"line":90,"column":null}},"47":{"start":{"line":90,"column":18},"end":{"line":90,"column":null}},"48":{"start":{"line":91,"column":4},"end":{"line":97,"column":null}},"49":{"start":{"line":92,"column":6},"end":{"line":92,"column":null}},"50":{"start":{"line":93,"column":6},"end":{"line":93,"column":null}},"51":{"start":{"line":95,"column":6},"end":{"line":95,"column":null}},"52":{"start":{"line":96,"column":6},"end":{"line":96,"column":null}},"53":{"start":{"line":101,"column":4},"end":{"line":101,"column":null}},"54":{"start":{"line":101,"column":18},"end":{"line":101,"column":null}},"55":{"start":{"line":102,"column":4},"end":{"line":107,"column":null}},"56":{"start":{"line":103,"column":21},"end":{"line":103,"column":56}},"57":{"start":{"line":104,"column":6},"end":{"line":104,"column":null}},"58":{"start":{"line":106,"column":6},"end":{"line":106,"column":null}},"59":{"start":{"line":111,"column":4},"end":{"line":111,"column":null}},"60":{"start":{"line":111,"column":18},"end":{"line":111,"column":null}},"61":{"start":{"line":112,"column":4},"end":{"line":118,"column":null}},"62":{"start":{"line":113,"column":6},"end":{"line":113,"column":null}},"63":{"start":{"line":114,"column":6},"end":{"line":114,"column":null}},"64":{"start":{"line":116,"column":6},"end":{"line":116,"column":null}},"65":{"start":{"line":117,"column":6},"end":{"line":117,"column":null}},"66":{"start":{"line":122,"column":4},"end":{"line":122,"column":null}},"67":{"start":{"line":122,"column":18},"end":{"line":122,"column":null}},"68":{"start":{"line":123,"column":4},"end":{"line":128,"column":null}},"69":{"start":{"line":124,"column":21},"end":{"line":124,"column":65}},"70":{"start":{"line":125,"column":6},"end":{"line":125,"column":null}},"71":{"start":{"line":127,"column":6},"end":{"line":127,"column":null}},"72":{"start":{"line":132,"column":4},"end":{"line":132,"column":null}},"73":{"start":{"line":132,"column":18},"end":{"line":132,"column":null}},"74":{"start":{"line":133,"column":4},"end":{"line":139,"column":null}},"75":{"start":{"line":134,"column":6},"end":{"line":134,"column":null}},"76":{"start":{"line":135,"column":6},"end":{"line":135,"column":null}},"77":{"start":{"line":137,"column":6},"end":{"line":137,"column":null}},"78":{"start":{"line":138,"column":6},"end":{"line":138,"column":null}},"79":{"start":{"line":143,"column":4},"end":{"line":143,"column":null}},"80":{"start":{"line":143,"column":18},"end":{"line":143,"column":null}},"81":{"start":{"line":144,"column":4},"end":{"line":149,"column":null}},"82":{"start":{"line":145,"column":21},"end":{"line":145,"column":66}},"83":{"start":{"line":146,"column":6},"end":{"line":146,"column":null}},"84":{"start":{"line":148,"column":6},"end":{"line":148,"column":null}},"85":{"start":{"line":153,"column":4},"end":{"line":153,"column":null}},"86":{"start":{"line":153,"column":18},"end":{"line":153,"column":null}},"87":{"start":{"line":154,"column":4},"end":{"line":160,"column":null}},"88":{"start":{"line":155,"column":6},"end":{"line":155,"column":null}},"89":{"start":{"line":156,"column":6},"end":{"line":156,"column":null}},"90":{"start":{"line":158,"column":6},"end":{"line":158,"column":null}},"91":{"start":{"line":159,"column":6},"end":{"line":159,"column":null}},"92":{"start":{"line":164,"column":4},"end":{"line":164,"column":null}},"93":{"start":{"line":164,"column":18},"end":{"line":164,"column":null}},"94":{"start":{"line":165,"column":4},"end":{"line":170,"column":null}},"95":{"start":{"line":166,"column":21},"end":{"line":166,"column":62}},"96":{"start":{"line":167,"column":6},"end":{"line":167,"column":null}},"97":{"start":{"line":169,"column":6},"end":{"line":169,"column":null}},"98":{"start":{"line":174,"column":4},"end":{"line":174,"column":null}},"99":{"start":{"line":174,"column":18},"end":{"line":174,"column":null}},"100":{"start":{"line":175,"column":4},"end":{"line":181,"column":null}},"101":{"start":{"line":176,"column":6},"end":{"line":176,"column":null}},"102":{"start":{"line":177,"column":6},"end":{"line":177,"column":null}},"103":{"start":{"line":179,"column":6},"end":{"line":179,"column":null}},"104":{"start":{"line":180,"column":6},"end":{"line":180,"column":null}},"105":{"start":{"line":185,"column":4},"end":{"line":185,"column":null}},"106":{"start":{"line":185,"column":18},"end":{"line":185,"column":null}},"107":{"start":{"line":186,"column":4},"end":{"line":191,"column":null}},"108":{"start":{"line":187,"column":21},"end":{"line":187,"column":60}},"109":{"start":{"line":188,"column":6},"end":{"line":188,"column":null}},"110":{"start":{"line":190,"column":6},"end":{"line":190,"column":null}},"111":{"start":{"line":195,"column":4},"end":{"line":195,"column":null}},"112":{"start":{"line":195,"column":18},"end":{"line":195,"column":null}},"113":{"start":{"line":196,"column":4},"end":{"line":202,"column":null}},"114":{"start":{"line":197,"column":6},"end":{"line":197,"column":null}},"115":{"start":{"line":198,"column":6},"end":{"line":198,"column":null}},"116":{"start":{"line":200,"column":6},"end":{"line":200,"column":null}},"117":{"start":{"line":201,"column":6},"end":{"line":201,"column":null}},"118":{"start":{"line":206,"column":4},"end":{"line":206,"column":null}},"119":{"start":{"line":206,"column":18},"end":{"line":206,"column":null}},"120":{"start":{"line":207,"column":4},"end":{"line":212,"column":null}},"121":{"start":{"line":208,"column":21},"end":{"line":208,"column":65}},"122":{"start":{"line":209,"column":6},"end":{"line":209,"column":null}},"123":{"start":{"line":211,"column":6},"end":{"line":211,"column":null}},"124":{"start":{"line":216,"column":4},"end":{"line":216,"column":null}},"125":{"start":{"line":216,"column":18},"end":{"line":216,"column":null}},"126":{"start":{"line":217,"column":4},"end":{"line":223,"column":null}},"127":{"start":{"line":218,"column":6},"end":{"line":218,"column":null}},"128":{"start":{"line":219,"column":6},"end":{"line":219,"column":null}},"129":{"start":{"line":221,"column":6},"end":{"line":221,"column":null}},"130":{"start":{"line":222,"column":6},"end":{"line":222,"column":null}},"131":{"start":{"line":227,"column":4},"end":{"line":227,"column":null}},"132":{"start":{"line":227,"column":18},"end":{"line":227,"column":null}},"133":{"start":{"line":228,"column":4},"end":{"line":233,"column":null}},"134":{"start":{"line":229,"column":21},"end":{"line":229,"column":57}},"135":{"start":{"line":230,"column":6},"end":{"line":230,"column":null}},"136":{"start":{"line":232,"column":6},"end":{"line":232,"column":null}},"137":{"start":{"line":237,"column":23},"end":{"line":237,"column":42}},"138":{"start":{"line":239,"column":30},"end":{"line":239,"column":66}},"139":{"start":{"line":241,"column":41},"end":{"line":244,"column":1}},"140":{"start":{"line":242,"column":2},"end":{"line":242,"column":null}},"141":{"start":{"line":242,"column":21},"end":{"line":242,"column":null}},"142":{"start":{"line":243,"column":2},"end":{"line":243,"column":null}}},"fnMap":{"0":{"name":"(anonymous_0)","decl":{"start":{"line":11,"column":21},"end":{"line":11,"column":22}},"loc":{"start":{"line":11,"column":28},"end":{"line":11,"column":78}},"line":11},"1":{"name":"(anonymous_1)","decl":{"start":{"line":13,"column":33},"end":{"line":13,"column":34}},"loc":{"start":{"line":13,"column":51},"end":{"line":43,"column":1}},"line":13},"2":{"name":"(anonymous_2)","decl":{"start":{"line":14,"column":15},"end":{"line":14,"column":16}},"loc":{"start":{"line":14,"column":36},"end":{"line":26,"column":4}},"line":14},"3":{"name":"(anonymous_3)","decl":{"start":{"line":14,"column":48},"end":{"line":14,"column":49}},"loc":{"start":{"line":14,"column":69},"end":{"line":26,"column":3}},"line":14},"4":{"name":"(anonymous_4)","decl":{"start":{"line":16,"column":41},"end":{"line":16,"column":42}},"loc":{"start":{"line":16,"column":60},"end":{"line":22,"column":7}},"line":16},"5":{"name":"(anonymous_5)","decl":{"start":{"line":29,"column":10},"end":{"line":29,"column":13}},"loc":{"start":{"line":29,"column":19},"end":{"line":32,"column":5}},"line":29},"6":{"name":"(anonymous_6)","decl":{"start":{"line":33,"column":10},"end":{"line":33,"column":13}},"loc":{"start":{"line":33,"column":26},"end":{"line":37,"column":5}},"line":33},"7":{"name":"(anonymous_7)","decl":{"start":{"line":38,"column":10},"end":{"line":38,"column":16}},"loc":{"start":{"line":38,"column":22},"end":{"line":41,"column":5}},"line":38},"8":{"name":"(anonymous_8)","decl":{"start":{"line":45,"column":33},"end":{"line":45,"column":34}},"loc":{"start":{"line":45,"column":43},"end":{"line":58,"column":1}},"line":45},"9":{"name":"(anonymous_9)","decl":{"start":{"line":46,"column":8},"end":{"line":46,"column":11}},"loc":{"start":{"line":46,"column":17},"end":{"line":49,"column":3}},"line":46},"10":{"name":"(anonymous_10)","decl":{"start":{"line":50,"column":8},"end":{"line":50,"column":11}},"loc":{"start":{"line":50,"column":24},"end":{"line":53,"column":3}},"line":50},"11":{"name":"(anonymous_11)","decl":{"start":{"line":54,"column":8},"end":{"line":54,"column":14}},"loc":{"start":{"line":54,"column":20},"end":{"line":57,"column":3}},"line":54},"12":{"name":"(anonymous_12)","decl":{"start":{"line":60,"column":26},"end":{"line":60,"column":27}},"loc":{"start":{"line":60,"column":32},"end":{"line":78,"column":1}},"line":60},"13":{"name":"(anonymous_13)","decl":{"start":{"line":80,"column":18},"end":{"line":80,"column":19}},"loc":{"start":{"line":80,"column":39},"end":{"line":86,"column":1}},"line":80},"14":{"name":"(anonymous_14)","decl":{"start":{"line":88,"column":29},"end":{"line":88,"column":30}},"loc":{"start":{"line":88,"column":43},"end":{"line":235,"column":1}},"line":88},"15":{"name":"(anonymous_15)","decl":{"start":{"line":89,"column":8},"end":{"line":89,"column":16}},"loc":{"start":{"line":89,"column":23},"end":{"line":98,"column":3}},"line":89},"16":{"name":"(anonymous_16)","decl":{"start":{"line":100,"column":8},"end":{"line":100,"column":16}},"loc":{"start":{"line":100,"column":19},"end":{"line":108,"column":3}},"line":100},"17":{"name":"(anonymous_17)","decl":{"start":{"line":110,"column":8},"end":{"line":110,"column":24}},"loc":{"start":{"line":110,"column":31},"end":{"line":119,"column":3}},"line":110},"18":{"name":"(anonymous_18)","decl":{"start":{"line":121,"column":8},"end":{"line":121,"column":24}},"loc":{"start":{"line":121,"column":27},"end":{"line":129,"column":3}},"line":121},"19":{"name":"(anonymous_19)","decl":{"start":{"line":131,"column":8},"end":{"line":131,"column":25}},"loc":{"start":{"line":131,"column":34},"end":{"line":140,"column":3}},"line":131},"20":{"name":"(anonymous_20)","decl":{"start":{"line":142,"column":8},"end":{"line":142,"column":25}},"loc":{"start":{"line":142,"column":28},"end":{"line":150,"column":3}},"line":142},"21":{"name":"(anonymous_21)","decl":{"start":{"line":152,"column":8},"end":{"line":152,"column":21}},"loc":{"start":{"line":152,"column":28},"end":{"line":161,"column":3}},"line":152},"22":{"name":"(anonymous_22)","decl":{"start":{"line":163,"column":8},"end":{"line":163,"column":21}},"loc":{"start":{"line":163,"column":24},"end":{"line":171,"column":3}},"line":163},"23":{"name":"(anonymous_23)","decl":{"start":{"line":173,"column":8},"end":{"line":173,"column":20}},"loc":{"start":{"line":173,"column":31},"end":{"line":182,"column":3}},"line":173},"24":{"name":"(anonymous_24)","decl":{"start":{"line":184,"column":8},"end":{"line":184,"column":20}},"loc":{"start":{"line":184,"column":23},"end":{"line":192,"column":3}},"line":184},"25":{"name":"(anonymous_25)","decl":{"start":{"line":194,"column":8},"end":{"line":194,"column":24}},"loc":{"start":{"line":194,"column":33},"end":{"line":203,"column":3}},"line":194},"26":{"name":"(anonymous_26)","decl":{"start":{"line":205,"column":8},"end":{"line":205,"column":24}},"loc":{"start":{"line":205,"column":27},"end":{"line":213,"column":3}},"line":205},"27":{"name":"(anonymous_27)","decl":{"start":{"line":215,"column":8},"end":{"line":215,"column":17}},"loc":{"start":{"line":215,"column":25},"end":{"line":224,"column":3}},"line":215},"28":{"name":"(anonymous_28)","decl":{"start":{"line":226,"column":8},"end":{"line":226,"column":17}},"loc":{"start":{"line":226,"column":20},"end":{"line":234,"column":3}},"line":226},"29":{"name":"(anonymous_29)","decl":{"start":{"line":241,"column":41},"end":{"line":241,"column":42}},"loc":{"start":{"line":241,"column":59},"end":{"line":244,"column":1}},"line":241}},"branchMap":{"0":{"loc":{"start":{"line":11,"column":28},"end":{"line":11,"column":78}},"type":"cond-expr","locations":[{"start":{"line":11,"column":60},"end":{"line":11,"column":66}},{"start":{"line":11,"column":69},"end":{"line":11,"column":78}}],"line":11},"1":{"loc":{"start":{"line":17,"column":8},"end":{"line":20,"column":null}},"type":"if","locations":[{"start":{"line":17,"column":8},"end":{"line":20,"column":null}},{"start":{},"end":{}}],"line":17},"2":{"loc":{"start":{"line":31,"column":13},"end":{"line":31,"column":45}},"type":"cond-expr","locations":[{"start":{"line":31,"column":29},"end":{"line":31,"column":38}},{"start":{"line":31,"column":41},"end":{"line":31,"column":45}}],"line":31},"3":{"loc":{"start":{"line":34,"column":25},"end":{"line":34,"column":82}},"type":"cond-expr","locations":[{"start":{"line":34,"column":53},"end":{"line":34,"column":58}},{"start":{"line":34,"column":61},"end":{"line":34,"column":82}}],"line":34},"4":{"loc":{"start":{"line":48,"column":11},"end":{"line":48,"column":43}},"type":"cond-expr","locations":[{"start":{"line":48,"column":27},"end":{"line":48,"column":36}},{"start":{"line":48,"column":39},"end":{"line":48,"column":43}}],"line":48},"5":{"loc":{"start":{"line":51,"column":34},"end":{"line":51,"column":91}},"type":"cond-expr","locations":[{"start":{"line":51,"column":62},"end":{"line":51,"column":67}},{"start":{"line":51,"column":70},"end":{"line":51,"column":91}}],"line":51},"6":{"loc":{"start":{"line":62,"column":2},"end":{"line":62,"column":null}},"type":"if","locations":[{"start":{"line":62,"column":2},"end":{"line":62,"column":null}},{"start":{},"end":{}}],"line":62},"7":{"loc":{"start":{"line":64,"column":2},"end":{"line":66,"column":null}},"type":"if","locations":[{"start":{"line":64,"column":2},"end":{"line":66,"column":null}},{"start":{},"end":{}}],"line":64},"8":{"loc":{"start":{"line":68,"column":2},"end":{"line":70,"column":null}},"type":"if","locations":[{"start":{"line":68,"column":2},"end":{"line":70,"column":null}},{"start":{},"end":{}}],"line":68},"9":{"loc":{"start":{"line":68,"column":6},"end":{"line":68,"column":99}},"type":"binary-expr","locations":[{"start":{"line":68,"column":6},"end":{"line":68,"column":17}},{"start":{"line":68,"column":21},"end":{"line":68,"column":58}},{"start":{"line":68,"column":62},"end":{"line":68,"column":99}}],"line":68},"10":{"loc":{"start":{"line":82,"column":11},"end":{"line":82,"column":55}},"type":"cond-expr","locations":[{"start":{"line":82,"column":27},"end":{"line":82,"column":44}},{"start":{"line":82,"column":47},"end":{"line":82,"column":55}}],"line":82},"11":{"loc":{"start":{"line":90,"column":4},"end":{"line":90,"column":null}},"type":"if","locations":[{"start":{"line":90,"column":4},"end":{"line":90,"column":null}},{"start":{},"end":{}}],"line":90},"12":{"loc":{"start":{"line":101,"column":4},"end":{"line":101,"column":null}},"type":"if","locations":[{"start":{"line":101,"column":4},"end":{"line":101,"column":null}},{"start":{},"end":{}}],"line":101},"13":{"loc":{"start":{"line":111,"column":4},"end":{"line":111,"column":null}},"type":"if","locations":[{"start":{"line":111,"column":4},"end":{"line":111,"column":null}},{"start":{},"end":{}}],"line":111},"14":{"loc":{"start":{"line":122,"column":4},"end":{"line":122,"column":null}},"type":"if","locations":[{"start":{"line":122,"column":4},"end":{"line":122,"column":null}},{"start":{},"end":{}}],"line":122},"15":{"loc":{"start":{"line":125,"column":13},"end":{"line":125,"column":37}},"type":"binary-expr","locations":[{"start":{"line":125,"column":13},"end":{"line":125,"column":26}},{"start":{"line":125,"column":30},"end":{"line":125,"column":37}}],"line":125},"16":{"loc":{"start":{"line":132,"column":4},"end":{"line":132,"column":null}},"type":"if","locations":[{"start":{"line":132,"column":4},"end":{"line":132,"column":null}},{"start":{},"end":{}}],"line":132},"17":{"loc":{"start":{"line":143,"column":4},"end":{"line":143,"column":null}},"type":"if","locations":[{"start":{"line":143,"column":4},"end":{"line":143,"column":null}},{"start":{},"end":{}}],"line":143},"18":{"loc":{"start":{"line":146,"column":13},"end":{"line":146,"column":36}},"type":"binary-expr","locations":[{"start":{"line":146,"column":13},"end":{"line":146,"column":26}},{"start":{"line":146,"column":30},"end":{"line":146,"column":36}}],"line":146},"19":{"loc":{"start":{"line":153,"column":4},"end":{"line":153,"column":null}},"type":"if","locations":[{"start":{"line":153,"column":4},"end":{"line":153,"column":null}},{"start":{},"end":{}}],"line":153},"20":{"loc":{"start":{"line":164,"column":4},"end":{"line":164,"column":null}},"type":"if","locations":[{"start":{"line":164,"column":4},"end":{"line":164,"column":null}},{"start":{},"end":{}}],"line":164},"21":{"loc":{"start":{"line":167,"column":13},"end":{"line":167,"column":32}},"type":"binary-expr","locations":[{"start":{"line":167,"column":13},"end":{"line":167,"column":26}},{"start":{"line":167,"column":30},"end":{"line":167,"column":32}}],"line":167},"22":{"loc":{"start":{"line":174,"column":4},"end":{"line":174,"column":null}},"type":"if","locations":[{"start":{"line":174,"column":4},"end":{"line":174,"column":null}},{"start":{},"end":{}}],"line":174},"23":{"loc":{"start":{"line":185,"column":4},"end":{"line":185,"column":null}},"type":"if","locations":[{"start":{"line":185,"column":4},"end":{"line":185,"column":null}},{"start":{},"end":{}}],"line":185},"24":{"loc":{"start":{"line":195,"column":4},"end":{"line":195,"column":null}},"type":"if","locations":[{"start":{"line":195,"column":4},"end":{"line":195,"column":null}},{"start":{},"end":{}}],"line":195},"25":{"loc":{"start":{"line":206,"column":4},"end":{"line":206,"column":null}},"type":"if","locations":[{"start":{"line":206,"column":4},"end":{"line":206,"column":null}},{"start":{},"end":{}}],"line":206},"26":{"loc":{"start":{"line":216,"column":4},"end":{"line":216,"column":null}},"type":"if","locations":[{"start":{"line":216,"column":4},"end":{"line":216,"column":null}},{"start":{},"end":{}}],"line":216},"27":{"loc":{"start":{"line":227,"column":4},"end":{"line":227,"column":null}},"type":"if","locations":[{"start":{"line":227,"column":4},"end":{"line":227,"column":null}},{"start":{},"end":{}}],"line":227},"28":{"loc":{"start":{"line":230,"column":13},"end":{"line":230,"column":36}},"type":"binary-expr","locations":[{"start":{"line":230,"column":13},"end":{"line":230,"column":26}},{"start":{"line":230,"column":30},"end":{"line":230,"column":36}}],"line":230},"29":{"loc":{"start":{"line":242,"column":2},"end":{"line":242,"column":null}},"type":"if","locations":[{"start":{"line":242,"column":2},"end":{"line":242,"column":null}},{"start":{},"end":{}}],"line":242}},"s":{"0":1,"1":1,"2":1,"3":1,"4":0,"5":0,"6":0,"7":0,"8":0,"9":0,"10":0,"11":0,"12":1,"13":0,"14":0,"15":0,"16":0,"17":0,"18":0,"19":0,"20":1,"21":0,"22":0,"23":0,"24":0,"25":0,"26":0,"27":0,"28":1,"29":1,"30":1,"31":0,"32":1,"33":1,"34":0,"35":0,"36":0,"37":0,"38":0,"39":0,"40":1,"41":0,"42":0,"43":0,"44":1,"45":1,"46":0,"47":0,"48":0,"49":0,"50":0,"51":0,"52":0,"53":0,"54":0,"55":0,"56":0,"57":0,"58":0,"59":0,"60":0,"61":0,"62":0,"63":0,"64":0,"65":0,"66":0,"67":0,"68":0,"69":0,"70":0,"71":0,"72":0,"73":0,"74":0,"75":0,"76":0,"77":0,"78":0,"79":0,"80":0,"81":0,"82":0,"83":0,"84":0,"85":0,"86":0,"87":0,"88":0,"89":0,"90":0,"91":0,"92":0,"93":0,"94":0,"95":0,"96":0,"97":0,"98":0,"99":0,"100":0,"101":0,"102":0,"103":0,"104":0,"105":0,"106":0,"107":0,"108":0,"109":0,"110":0,"111":0,"112":0,"113":0,"114":0,"115":0,"116":0,"117":0,"118":0,"119":0,"120":0,"121":0,"122":0,"123":0,"124":0,"125":0,"126":0,"127":0,"128":0,"129":0,"130":0,"131":0,"132":0,"133":0,"134":0,"135":0,"136":0,"137":1,"138":1,"139":1,"140":0,"141":0,"142":0},"f":{"0":1,"1":1,"2":0,"3":0,"4":0,"5":0,"6":0,"7":0,"8":0,"9":0,"10":0,"11":0,"12":1,"13":0,"14":1,"15":0,"16":0,"17":0,"18":0,"19":0,"20":0,"21":0,"22":0,"23":0,"24":0,"25":0,"26":0,"27":0,"28":0,"29":0},"b":{"0":[1,0],"1":[0,0],"2":[0,0],"3":[0,0],"4":[0,0],"5":[0,0],"6":[0,1],"7":[1,0],"8":[0,0],"9":[0,0,0],"10":[0,0],"11":[0,0],"12":[0,0],"13":[0,0],"14":[0,0],"15":[0,0],"16":[0,0],"17":[0,0],"18":[0,0],"19":[0,0],"20":[0,0],"21":[0,0],"22":[0,0],"23":[0,0],"24":[0,0],"25":[0,0],"26":[0,0],"27":[0,0],"28":[0,0],"29":[0,0]},"meta":{"lastBranch":30,"lastFunction":30,"lastStatement":143,"seen":{"s:11:21:11:79":0,"f:11:21:11:22":0,"s:11:28:11:78":1,"b:11:60:11:66:11:69:11:78":0,"s:13:33:43:1":2,"f:13:33:13:34":1,"s:14:15:26:4":3,"f:14:15:14:16":2,"s:14:36:26:4":4,"f:14:48:14:49":3,"s:15:4:25:Infinity":5,"s:16:6:22:Infinity":6,"f:16:41:16:42":4,"b:17:8:20:Infinity:undefined:undefined:undefined:undefined":1,"s:17:8:20:Infinity":7,"s:18:10:18:Infinity":8,"s:19:10:19:Infinity":9,"s:21:8:21:Infinity":10,"s:24:6:24:Infinity":11,"s:28:2:42:Infinity":12,"f:29:10:29:13":5,"s:30:20:30:57":13,"s:31:6:31:Infinity":14,"b:31:29:31:38:31:41:31:45":2,"f:33:10:33:13":6,"s:34:25:34:82":15,"b:34:53:34:58:34:61:34:82":3,"s:35:6:35:Infinity":16,"s:36:6:36:Infinity":17,"f:38:10:38:16":7,"s:39:6:39:Infinity":18,"s:40:6:40:Infinity":19,"s:45:33:58:2":20,"f:45:33:45:34":8,"s:45:43:58:1":21,"f:46:8:46:11":9,"s:47:18:47:47":22,"s:48:4:48:Infinity":23,"b:48:27:48:36:48:39:48:43":4,"f:50:8:50:11":10,"s:51:4:51:Infinity":24,"b:51:62:51:67:51:70:51:91":5,"s:52:4:52:Infinity":25,"f:54:8:54:14":11,"s:55:4:55:Infinity":26,"s:56:4:56:Infinity":27,"s:60:26:78:1":28,"f:60:26:60:27":12,"s:61:14:61:28":29,"b:62:2:62:Infinity:undefined:undefined:undefined:undefined":6,"s:62:2:62:Infinity":30,"s:62:12:62:Infinity":31,"b:64:2:66:Infinity:undefined:undefined:undefined:undefined":7,"s:64:2:66:Infinity":32,"s:65:4:65:Infinity":33,"b:68:2:70:Infinity:undefined:undefined:undefined:undefined":8,"s:68:2:70:Infinity":34,"b:68:6:68:17:68:21:68:58:68:62:68:99":9,"s:69:4:69:Infinity":35,"s:72:2:77:Infinity":36,"s:73:4:73:Infinity":37,"s:75:4:75:Infinity":38,"s:76:4:76:Infinity":39,"s:80:18:86:1":40,"f:80:18:80:19":13,"s:81:2:85:Infinity":41,"s:82:4:82:Infinity":42,"b:82:27:82:44:82:47:82:55":10,"s:84:4:84:Infinity":43,"s:88:29:235:2":44,"f:88:29:88:30":14,"s:88:43:235:1":45,"f:89:8:89:16":15,"b:90:4:90:Infinity:undefined:undefined:undefined:undefined":11,"s:90:4:90:Infinity":46,"s:90:18:90:Infinity":47,"s:91:4:97:Infinity":48,"s:92:6:92:Infinity":49,"s:93:6:93:Infinity":50,"s:95:6:95:Infinity":51,"s:96:6:96:Infinity":52,"f:100:8:100:16":16,"b:101:4:101:Infinity:undefined:undefined:undefined:undefined":12,"s:101:4:101:Infinity":53,"s:101:18:101:Infinity":54,"s:102:4:107:Infinity":55,"s:103:21:103:56":56,"s:104:6:104:Infinity":57,"s:106:6:106:Infinity":58,"f:110:8:110:24":17,"b:111:4:111:Infinity:undefined:undefined:undefined:undefined":13,"s:111:4:111:Infinity":59,"s:111:18:111:Infinity":60,"s:112:4:118:Infinity":61,"s:113:6:113:Infinity":62,"s:114:6:114:Infinity":63,"s:116:6:116:Infinity":64,"s:117:6:117:Infinity":65,"f:121:8:121:24":18,"b:122:4:122:Infinity:undefined:undefined:undefined:undefined":14,"s:122:4:122:Infinity":66,"s:122:18:122:Infinity":67,"s:123:4:128:Infinity":68,"s:124:21:124:65":69,"s:125:6:125:Infinity":70,"b:125:13:125:26:125:30:125:37":15,"s:127:6:127:Infinity":71,"f:131:8:131:25":19,"b:132:4:132:Infinity:undefined:undefined:undefined:undefined":16,"s:132:4:132:Infinity":72,"s:132:18:132:Infinity":73,"s:133:4:139:Infinity":74,"s:134:6:134:Infinity":75,"s:135:6:135:Infinity":76,"s:137:6:137:Infinity":77,"s:138:6:138:Infinity":78,"f:142:8:142:25":20,"b:143:4:143:Infinity:undefined:undefined:undefined:undefined":17,"s:143:4:143:Infinity":79,"s:143:18:143:Infinity":80,"s:144:4:149:Infinity":81,"s:145:21:145:66":82,"s:146:6:146:Infinity":83,"b:146:13:146:26:146:30:146:36":18,"s:148:6:148:Infinity":84,"f:152:8:152:21":21,"b:153:4:153:Infinity:undefined:undefined:undefined:undefined":19,"s:153:4:153:Infinity":85,"s:153:18:153:Infinity":86,"s:154:4:160:Infinity":87,"s:155:6:155:Infinity":88,"s:156:6:156:Infinity":89,"s:158:6:158:Infinity":90,"s:159:6:159:Infinity":91,"f:163:8:163:21":22,"b:164:4:164:Infinity:undefined:undefined:undefined:undefined":20,"s:164:4:164:Infinity":92,"s:164:18:164:Infinity":93,"s:165:4:170:Infinity":94,"s:166:21:166:62":95,"s:167:6:167:Infinity":96,"b:167:13:167:26:167:30:167:32":21,"s:169:6:169:Infinity":97,"f:173:8:173:20":23,"b:174:4:174:Infinity:undefined:undefined:undefined:undefined":22,"s:174:4:174:Infinity":98,"s:174:18:174:Infinity":99,"s:175:4:181:Infinity":100,"s:176:6:176:Infinity":101,"s:177:6:177:Infinity":102,"s:179:6:179:Infinity":103,"s:180:6:180:Infinity":104,"f:184:8:184:20":24,"b:185:4:185:Infinity:undefined:undefined:undefined:undefined":23,"s:185:4:185:Infinity":105,"s:185:18:185:Infinity":106,"s:186:4:191:Infinity":107,"s:187:21:187:60":108,"s:188:6:188:Infinity":109,"s:190:6:190:Infinity":110,"f:194:8:194:24":25,"b:195:4:195:Infinity:undefined:undefined:undefined:undefined":24,"s:195:4:195:Infinity":111,"s:195:18:195:Infinity":112,"s:196:4:202:Infinity":113,"s:197:6:197:Infinity":114,"s:198:6:198:Infinity":115,"s:200:6:200:Infinity":116,"s:201:6:201:Infinity":117,"f:205:8:205:24":26,"b:206:4:206:Infinity:undefined:undefined:undefined:undefined":25,"s:206:4:206:Infinity":118,"s:206:18:206:Infinity":119,"s:207:4:212:Infinity":120,"s:208:21:208:65":121,"s:209:6:209:Infinity":122,"s:211:6:211:Infinity":123,"f:215:8:215:17":27,"b:216:4:216:Infinity:undefined:undefined:undefined:undefined":26,"s:216:4:216:Infinity":124,"s:216:18:216:Infinity":125,"s:217:4:223:Infinity":126,"s:218:6:218:Infinity":127,"s:219:6:219:Infinity":128,"s:221:6:221:Infinity":129,"s:222:6:222:Infinity":130,"f:226:8:226:17":28,"b:227:4:227:Infinity:undefined:undefined:undefined:undefined":27,"s:227:4:227:Infinity":131,"s:227:18:227:Infinity":132,"s:228:4:233:Infinity":133,"s:229:21:229:57":134,"s:230:6:230:Infinity":135,"b:230:13:230:26:230:30:230:36":28,"s:232:6:232:Infinity":136,"s:237:23:237:42":137,"s:239:30:239:66":138,"s:241:41:244:1":139,"f:241:41:241:42":29,"b:242:2:242:Infinity:undefined:undefined:undefined:undefined":29,"s:242:2:242:Infinity":140,"s:242:21:242:Infinity":141,"s:243:2:243:Infinity":142}}}
,"/Users/omarcherqaoui/tangerine-v2-2/src/hooks/useCartLogic.js": {"path":"/Users/omarcherqaoui/tangerine-v2-2/src/hooks/useCartLogic.js","statementMap":{"0":{"start":{"line":7,"column":28},"end":{"line":68,"column":1}},"1":{"start":{"line":8,"column":72},"end":{"line":8,"column":87}},"2":{"start":{"line":9,"column":30},"end":{"line":9,"column":43}},"3":{"start":{"line":10,"column":36},"end":{"line":10,"column":48}},"4":{"start":{"line":12,"column":25},"end":{"line":29,"column":3}},"5":{"start":{"line":14,"column":6},"end":{"line":18,"column":null}},"6":{"start":{"line":15,"column":8},"end":{"line":15,"column":null}},"7":{"start":{"line":16,"column":8},"end":{"line":16,"column":null}},"8":{"start":{"line":17,"column":8},"end":{"line":17,"column":null}},"9":{"start":{"line":20,"column":6},"end":{"line":26,"column":null}},"10":{"start":{"line":21,"column":8},"end":{"line":21,"column":null}},"11":{"start":{"line":22,"column":8},"end":{"line":22,"column":null}},"12":{"start":{"line":24,"column":8},"end":{"line":24,"column":null}},"13":{"start":{"line":25,"column":8},"end":{"line":25,"column":null}},"14":{"start":{"line":31,"column":30},"end":{"line":43,"column":3}},"15":{"start":{"line":33,"column":6},"end":{"line":40,"column":null}},"16":{"start":{"line":34,"column":8},"end":{"line":34,"column":null}},"17":{"start":{"line":35,"column":8},"end":{"line":35,"column":null}},"18":{"start":{"line":36,"column":8},"end":{"line":36,"column":null}},"19":{"start":{"line":38,"column":8},"end":{"line":38,"column":null}},"20":{"start":{"line":39,"column":8},"end":{"line":39,"column":null}},"21":{"start":{"line":45,"column":30},"end":{"line":56,"column":3}},"22":{"start":{"line":47,"column":6},"end":{"line":53,"column":null}},"23":{"start":{"line":48,"column":8},"end":{"line":48,"column":null}},"24":{"start":{"line":49,"column":8},"end":{"line":49,"column":null}},"25":{"start":{"line":51,"column":8},"end":{"line":51,"column":null}},"26":{"start":{"line":52,"column":8},"end":{"line":52,"column":null}},"27":{"start":{"line":58,"column":20},"end":{"line":58,"column":72}},"28":{"start":{"line":58,"column":47},"end":{"line":58,"column":68}},"29":{"start":{"line":60,"column":2},"end":{"line":67,"column":null}}},"fnMap":{"0":{"name":"(anonymous_0)","decl":{"start":{"line":7,"column":28},"end":{"line":7,"column":29}},"loc":{"start":{"line":7,"column":34},"end":{"line":68,"column":1}},"line":7},"1":{"name":"(anonymous_1)","decl":{"start":{"line":13,"column":4},"end":{"line":13,"column":9}},"loc":{"start":{"line":13,"column":40},"end":{"line":27,"column":5}},"line":13},"2":{"name":"(anonymous_2)","decl":{"start":{"line":32,"column":4},"end":{"line":32,"column":9}},"loc":{"start":{"line":32,"column":21},"end":{"line":41,"column":5}},"line":32},"3":{"name":"(anonymous_3)","decl":{"start":{"line":46,"column":4},"end":{"line":46,"column":9}},"loc":{"start":{"line":46,"column":44},"end":{"line":54,"column":5}},"line":46},"4":{"name":"(anonymous_4)","decl":{"start":{"line":58,"column":32},"end":{"line":58,"column":33}},"loc":{"start":{"line":58,"column":47},"end":{"line":58,"column":68}},"line":58}},"branchMap":{"0":{"loc":{"start":{"line":14,"column":6},"end":{"line":18,"column":null}},"type":"if","locations":[{"start":{"line":14,"column":6},"end":{"line":18,"column":null}},{"start":{},"end":{}}],"line":14}},"s":{"0":1,"1":8,"2":8,"3":8,"4":8,"5":3,"6":1,"7":1,"8":1,"9":2,"10":2,"11":1,"12":1,"13":1,"14":8,"15":2,"16":2,"17":1,"18":1,"19":1,"20":1,"21":8,"22":1,"23":1,"24":1,"25":0,"26":0,"27":8,"28":2,"29":8},"f":{"0":8,"1":3,"2":2,"3":1,"4":2},"b":{"0":[1,2]},"meta":{"lastBranch":1,"lastFunction":5,"lastStatement":30,"seen":{"s:7:28:68:1":0,"f:7:28:7:29":0,"s:8:72:8:87":1,"s:9:30:9:43":2,"s:10:36:10:48":3,"s:12:25:29:3":4,"f:13:4:13:9":1,"b:14:6:18:Infinity:undefined:undefined:undefined:undefined":0,"s:14:6:18:Infinity":5,"s:15:8:15:Infinity":6,"s:16:8:16:Infinity":7,"s:17:8:17:Infinity":8,"s:20:6:26:Infinity":9,"s:21:8:21:Infinity":10,"s:22:8:22:Infinity":11,"s:24:8:24:Infinity":12,"s:25:8:25:Infinity":13,"s:31:30:43:3":14,"f:32:4:32:9":2,"s:33:6:40:Infinity":15,"s:34:8:34:Infinity":16,"s:35:8:35:Infinity":17,"s:36:8:36:Infinity":18,"s:38:8:38:Infinity":19,"s:39:8:39:Infinity":20,"s:45:30:56:3":21,"f:46:4:46:9":3,"s:47:6:53:Infinity":22,"s:48:8:48:Infinity":23,"s:49:8:49:Infinity":24,"s:51:8:51:Infinity":25,"s:52:8:52:Infinity":26,"s:58:20:58:72":27,"f:58:32:58:33":4,"s:58:47:58:68":28,"s:60:2:67:Infinity":29}}}
,"/Users/omarcherqaoui/tangerine-v2-2/src/hooks/useHaptic.js": {"path":"/Users/omarcherqaoui/tangerine-v2-2/src/hooks/useHaptic.js","statementMap":{"0":{"start":{"line":4,"column":25},"end":{"line":36,"column":1}},"1":{"start":{"line":5,"column":18},"end":{"line":5,"column":32}},"2":{"start":{"line":7,"column":15},"end":{"line":9,"column":15}},"3":{"start":{"line":8,"column":4},"end":{"line":8,"column":null}},"4":{"start":{"line":11,"column":16},"end":{"line":13,"column":15}},"5":{"start":{"line":12,"column":4},"end":{"line":12,"column":null}},"6":{"start":{"line":15,"column":15},"end":{"line":17,"column":15}},"7":{"start":{"line":16,"column":4},"end":{"line":16,"column":null}},"8":{"start":{"line":19,"column":17},"end":{"line":21,"column":15}},"9":{"start":{"line":20,"column":4},"end":{"line":20,"column":null}},"10":{"start":{"line":23,"column":15},"end":{"line":25,"column":15}},"11":{"start":{"line":24,"column":4},"end":{"line":24,"column":null}},"12":{"start":{"line":27,"column":17},"end":{"line":29,"column":15}},"13":{"start":{"line":28,"column":4},"end":{"line":28,"column":null}},"14":{"start":{"line":31,"column":19},"end":{"line":33,"column":15}},"15":{"start":{"line":32,"column":4},"end":{"line":32,"column":null}},"16":{"start":{"line":35,"column":2},"end":{"line":35,"column":null}}},"fnMap":{"0":{"name":"(anonymous_0)","decl":{"start":{"line":4,"column":25},"end":{"line":4,"column":26}},"loc":{"start":{"line":4,"column":31},"end":{"line":36,"column":1}},"line":4},"1":{"name":"(anonymous_1)","decl":{"start":{"line":7,"column":28},"end":{"line":7,"column":29}},"loc":{"start":{"line":7,"column":34},"end":{"line":9,"column":3}},"line":7},"2":{"name":"(anonymous_2)","decl":{"start":{"line":11,"column":29},"end":{"line":11,"column":30}},"loc":{"start":{"line":11,"column":35},"end":{"line":13,"column":3}},"line":11},"3":{"name":"(anonymous_3)","decl":{"start":{"line":15,"column":28},"end":{"line":15,"column":29}},"loc":{"start":{"line":15,"column":34},"end":{"line":17,"column":3}},"line":15},"4":{"name":"(anonymous_4)","decl":{"start":{"line":19,"column":30},"end":{"line":19,"column":31}},"loc":{"start":{"line":19,"column":36},"end":{"line":21,"column":3}},"line":19},"5":{"name":"(anonymous_5)","decl":{"start":{"line":23,"column":28},"end":{"line":23,"column":29}},"loc":{"start":{"line":23,"column":34},"end":{"line":25,"column":3}},"line":23},"6":{"name":"(anonymous_6)","decl":{"start":{"line":27,"column":30},"end":{"line":27,"column":31}},"loc":{"start":{"line":27,"column":36},"end":{"line":29,"column":3}},"line":27},"7":{"name":"(anonymous_7)","decl":{"start":{"line":31,"column":32},"end":{"line":31,"column":33}},"loc":{"start":{"line":31,"column":38},"end":{"line":33,"column":3}},"line":31}},"branchMap":{},"s":{"0":1,"1":8,"2":8,"3":0,"4":8,"5":2,"6":8,"7":0,"8":8,"9":1,"10":8,"11":3,"12":8,"13":0,"14":8,"15":0,"16":8},"f":{"0":8,"1":0,"2":2,"3":0,"4":1,"5":3,"6":0,"7":0},"b":{},"meta":{"lastBranch":0,"lastFunction":8,"lastStatement":17,"seen":{"s:4:25:36:1":0,"f:4:25:4:26":0,"s:5:18:5:32":1,"s:7:15:9:15":2,"f:7:28:7:29":1,"s:8:4:8:Infinity":3,"s:11:16:13:15":4,"f:11:29:11:30":2,"s:12:4:12:Infinity":5,"s:15:15:17:15":6,"f:15:28:15:29":3,"s:16:4:16:Infinity":7,"s:19:17:21:15":8,"f:19:30:19:31":4,"s:20:4:20:Infinity":9,"s:23:15:25:15":10,"f:23:28:23:29":5,"s:24:4:24:Infinity":11,"s:27:17:29:15":12,"f:27:30:27:31":6,"s:28:4:28:Infinity":13,"s:31:19:33:15":14,"f:31:32:31:33":7,"s:32:4:32:Infinity":15,"s:35:2:35:Infinity":16}}}
,"/Users/omarcherqaoui/tangerine-v2-2/src/store/cartStore.js": {"path":"/Users/omarcherqaoui/tangerine-v2-2/src/store/cartStore.js","statementMap":{"0":{"start":{"line":4,"column":27},"end":{"line":56,"column":3}},"1":{"start":{"line":4,"column":50},"end":{"line":56,"column":1}},"2":{"start":{"line":9,"column":4},"end":{"line":9,"column":null}},"3":{"start":{"line":10,"column":4},"end":{"line":10,"column":null}},"4":{"start":{"line":14,"column":21},"end":{"line":14,"column":26}},"5":{"start":{"line":15,"column":26},"end":{"line":15,"column":82}},"6":{"start":{"line":15,"column":51},"end":{"line":15,"column":81}},"7":{"start":{"line":18,"column":4},"end":{"line":27,"column":null}},"8":{"start":{"line":19,"column":6},"end":{"line":24,"column":null}},"9":{"start":{"line":20,"column":8},"end":{"line":22,"column":null}},"10":{"start":{"line":21,"column":10},"end":{"line":21,"column":null}},"11":{"start":{"line":23,"column":8},"end":{"line":23,"column":null}},"12":{"start":{"line":26,"column":6},"end":{"line":26,"column":null}},"13":{"start":{"line":29,"column":4},"end":{"line":29,"column":null}},"14":{"start":{"line":30,"column":4},"end":{"line":30,"column":null}},"15":{"start":{"line":34,"column":21},"end":{"line":34,"column":26}},"16":{"start":{"line":35,"column":20},"end":{"line":35,"column":58}},"17":{"start":{"line":35,"column":44},"end":{"line":35,"column":57}},"18":{"start":{"line":36,"column":4},"end":{"line":36,"column":null}},"19":{"start":{"line":37,"column":4},"end":{"line":37,"column":null}},"20":{"start":{"line":41,"column":21},"end":{"line":41,"column":26}},"21":{"start":{"line":42,"column":20},"end":{"line":44,"column":5}},"22":{"start":{"line":43,"column":6},"end":{"line":43,"column":null}},"23":{"start":{"line":45,"column":4},"end":{"line":45,"column":null}},"24":{"start":{"line":46,"column":4},"end":{"line":46,"column":null}},"25":{"start":{"line":50,"column":4},"end":{"line":50,"column":null}},"26":{"start":{"line":51,"column":4},"end":{"line":51,"column":null}},"27":{"start":{"line":54,"column":24},"end":{"line":54,"column":75}},"28":{"start":{"line":54,"column":40},"end":{"line":54,"column":73}},"29":{"start":{"line":55,"column":27},"end":{"line":55,"column":54}}},"fnMap":{"0":{"name":"(anonymous_0)","decl":{"start":{"line":4,"column":35},"end":{"line":4,"column":36}},"loc":{"start":{"line":4,"column":50},"end":{"line":56,"column":1}},"line":4},"1":{"name":"(anonymous_1)","decl":{"start":{"line":8,"column":11},"end":{"line":8,"column":16}},"loc":{"start":{"line":8,"column":30},"end":{"line":11,"column":3}},"line":8},"2":{"name":"(anonymous_2)","decl":{"start":{"line":13,"column":13},"end":{"line":13,"column":18}},"loc":{"start":{"line":13,"column":49},"end":{"line":31,"column":3}},"line":13},"3":{"name":"(anonymous_3)","decl":{"start":{"line":15,"column":41},"end":{"line":15,"column":42}},"loc":{"start":{"line":15,"column":51},"end":{"line":15,"column":81}},"line":15},"4":{"name":"(anonymous_4)","decl":{"start":{"line":19,"column":25},"end":{"line":19,"column":26}},"loc":{"start":{"line":19,"column":42},"end":{"line":24,"column":7}},"line":19},"5":{"name":"(anonymous_5)","decl":{"start":{"line":33,"column":18},"end":{"line":33,"column":23}},"loc":{"start":{"line":33,"column":35},"end":{"line":38,"column":3}},"line":33},"6":{"name":"(anonymous_6)","decl":{"start":{"line":35,"column":32},"end":{"line":35,"column":33}},"loc":{"start":{"line":35,"column":44},"end":{"line":35,"column":57}},"line":35},"7":{"name":"(anonymous_7)","decl":{"start":{"line":40,"column":18},"end":{"line":40,"column":23}},"loc":{"start":{"line":40,"column":58},"end":{"line":47,"column":3}},"line":40},"8":{"name":"(anonymous_8)","decl":{"start":{"line":42,"column":29},"end":{"line":42,"column":30}},"loc":{"start":{"line":43,"column":6},"end":{"line":43,"column":null}},"line":43},"9":{"name":"(anonymous_9)","decl":{"start":{"line":49,"column":13},"end":{"line":49,"column":18}},"loc":{"start":{"line":49,"column":25},"end":{"line":52,"column":3}},"line":49},"10":{"name":"(anonymous_10)","decl":{"start":{"line":54,"column":18},"end":{"line":54,"column":19}},"loc":{"start":{"line":54,"column":24},"end":{"line":54,"column":75}},"line":54},"11":{"name":"(anonymous_11)","decl":{"start":{"line":54,"column":28},"end":{"line":54,"column":29}},"loc":{"start":{"line":54,"column":40},"end":{"line":54,"column":73}},"line":54},"12":{"name":"(anonymous_12)","decl":{"start":{"line":55,"column":15},"end":{"line":55,"column":16}},"loc":{"start":{"line":55,"column":27},"end":{"line":55,"column":54}},"line":55}},"branchMap":{"0":{"loc":{"start":{"line":18,"column":4},"end":{"line":27,"column":null}},"type":"if","locations":[{"start":{"line":18,"column":4},"end":{"line":27,"column":null}},{"start":{"line":25,"column":11},"end":{"line":27,"column":null}}],"line":18},"1":{"loc":{"start":{"line":20,"column":8},"end":{"line":22,"column":null}},"type":"if","locations":[{"start":{"line":20,"column":8},"end":{"line":22,"column":null}},{"start":{},"end":{}}],"line":20},"2":{"loc":{"start":{"line":43,"column":6},"end":{"line":43,"column":null}},"type":"cond-expr","locations":[{"start":{"line":43,"column":22},"end":{"line":43,"column":78}},{"start":{"line":43,"column":81},"end":{"line":43,"column":null}}],"line":43}},"s":{"0":1,"1":1,"2":1,"3":1,"4":10,"5":10,"6":3,"7":10,"8":1,"9":1,"10":1,"11":0,"12":9,"13":10,"14":10,"15":2,"16":2,"17":3,"18":2,"19":2,"20":1,"21":1,"22":1,"23":1,"24":1,"25":1,"26":1,"27":2,"28":2,"29":2},"f":{"0":1,"1":1,"2":10,"3":3,"4":1,"5":2,"6":3,"7":1,"8":1,"9":1,"10":2,"11":2,"12":2},"b":{"0":[1,9],"1":[1,0],"2":[1,0]},"meta":{"lastBranch":3,"lastFunction":13,"lastStatement":30,"seen":{"s:4:27:56:3":0,"f:4:35:4:36":0,"s:4:50:56:1":1,"f:8:11:8:16":1,"s:9:4:9:Infinity":2,"s:10:4:10:Infinity":3,"f:13:13:13:18":2,"s:14:21:14:26":4,"s:15:26:15:82":5,"f:15:41:15:42":3,"s:15:51:15:81":6,"b:18:4:27:Infinity:25:11:27:Infinity":0,"s:18:4:27:Infinity":7,"s:19:6:24:Infinity":8,"f:19:25:19:26":4,"b:20:8:22:Infinity:undefined:undefined:undefined:undefined":1,"s:20:8:22:Infinity":9,"s:21:10:21:Infinity":10,"s:23:8:23:Infinity":11,"s:26:6:26:Infinity":12,"s:29:4:29:Infinity":13,"s:30:4:30:Infinity":14,"f:33:18:33:23":5,"s:34:21:34:26":15,"s:35:20:35:58":16,"f:35:32:35:33":6,"s:35:44:35:57":17,"s:36:4:36:Infinity":18,"s:37:4:37:Infinity":19,"f:40:18:40:23":7,"s:41:21:41:26":20,"s:42:20:44:5":21,"f:42:29:42:30":8,"s:43:6:43:Infinity":22,"b:43:22:43:78:43:81:43:Infinity":2,"s:45:4:45:Infinity":23,"s:46:4:46:Infinity":24,"f:49:13:49:18":9,"s:50:4:50:Infinity":25,"s:51:4:51:Infinity":26,"f:54:18:54:19":10,"s:54:24:54:75":27,"f:54:28:54:29":11,"s:54:40:54:73":28,"f:55:15:55:16":12,"s:55:27:55:54":29}}}
,"/Users/omarcherqaoui/tangerine-v2-2/src/store/settingsStore.js": {"path":"/Users/omarcherqaoui/tangerine-v2-2/src/store/settingsStore.js","statementMap":{"0":{"start":{"line":4,"column":31},"end":{"line":43,"column":3}},"1":{"start":{"line":4,"column":49},"end":{"line":43,"column":1}},"2":{"start":{"line":7,"column":4},"end":{"line":7,"column":null}},"3":{"start":{"line":8,"column":4},"end":{"line":10,"column":null}},"4":{"start":{"line":9,"column":6},"end":{"line":9,"column":null}},"5":{"start":{"line":11,"column":4},"end":{"line":11,"column":null}},"6":{"start":{"line":16,"column":4},"end":{"line":16,"column":null}},"7":{"start":{"line":17,"column":4},"end":{"line":17,"column":null}},"8":{"start":{"line":22,"column":4},"end":{"line":22,"column":null}},"9":{"start":{"line":23,"column":4},"end":{"line":23,"column":null}},"10":{"start":{"line":28,"column":4},"end":{"line":28,"column":null}},"11":{"start":{"line":29,"column":4},"end":{"line":29,"column":null}},"12":{"start":{"line":34,"column":4},"end":{"line":34,"column":null}},"13":{"start":{"line":35,"column":4},"end":{"line":35,"column":null}},"14":{"start":{"line":40,"column":4},"end":{"line":40,"column":null}},"15":{"start":{"line":41,"column":4},"end":{"line":41,"column":null}}},"fnMap":{"0":{"name":"(anonymous_0)","decl":{"start":{"line":4,"column":39},"end":{"line":4,"column":40}},"loc":{"start":{"line":4,"column":49},"end":{"line":43,"column":1}},"line":4},"1":{"name":"(anonymous_1)","decl":{"start":{"line":6,"column":12},"end":{"line":6,"column":17}},"loc":{"start":{"line":6,"column":32},"end":{"line":12,"column":3}},"line":6},"2":{"name":"(anonymous_2)","decl":{"start":{"line":15,"column":19},"end":{"line":15,"column":24}},"loc":{"start":{"line":15,"column":35},"end":{"line":18,"column":3}},"line":15},"3":{"name":"(anonymous_3)","decl":{"start":{"line":21,"column":20},"end":{"line":21,"column":25}},"loc":{"start":{"line":21,"column":38},"end":{"line":24,"column":3}},"line":21},"4":{"name":"(anonymous_4)","decl":{"start":{"line":27,"column":19},"end":{"line":27,"column":24}},"loc":{"start":{"line":27,"column":35},"end":{"line":30,"column":3}},"line":27},"5":{"name":"(anonymous_5)","decl":{"start":{"line":33,"column":15},"end":{"line":33,"column":20}},"loc":{"start":{"line":33,"column":38},"end":{"line":36,"column":3}},"line":33},"6":{"name":"(anonymous_6)","decl":{"start":{"line":39,"column":19},"end":{"line":39,"column":24}},"loc":{"start":{"line":39,"column":41},"end":{"line":42,"column":3}},"line":39}},"branchMap":{"0":{"loc":{"start":{"line":8,"column":4},"end":{"line":10,"column":null}},"type":"if","locations":[{"start":{"line":8,"column":4},"end":{"line":10,"column":null}},{"start":{},"end":{}}],"line":8},"1":{"loc":{"start":{"line":9,"column":43},"end":{"line":9,"column":84}},"type":"cond-expr","locations":[{"start":{"line":9,"column":66},"end":{"line":9,"column":79}},{"start":{"line":9,"column":82},"end":{"line":9,"column":84}}],"line":9}},"s":{"0":1,"1":1,"2":2,"3":2,"4":2,"5":2,"6":2,"7":2,"8":2,"9":2,"10":3,"11":3,"12":3,"13":3,"14":2,"15":2},"f":{"0":1,"1":2,"2":2,"3":2,"4":3,"5":3,"6":2},"b":{"0":[2,0],"1":[1,1]},"meta":{"lastBranch":2,"lastFunction":7,"lastStatement":16,"seen":{"s:4:31:43:3":0,"f:4:39:4:40":0,"s:4:49:43:1":1,"f:6:12:6:17":1,"s:7:4:7:Infinity":2,"b:8:4:10:Infinity:undefined:undefined:undefined:undefined":0,"s:8:4:10:Infinity":3,"s:9:6:9:Infinity":4,"b:9:66:9:79:9:82:9:84":1,"s:11:4:11:Infinity":5,"f:15:19:15:24":2,"s:16:4:16:Infinity":6,"s:17:4:17:Infinity":7,"f:21:20:21:25":3,"s:22:4:22:Infinity":8,"s:23:4:23:Infinity":9,"f:27:19:27:24":4,"s:28:4:28:Infinity":10,"s:29:4:29:Infinity":11,"f:33:15:33:20":5,"s:34:4:34:Infinity":12,"s:35:4:35:Infinity":13,"f:39:19:39:24":6,"s:40:4:40:Infinity":14,"s:41:4:41:Infinity":15}}}
,"/Users/omarcherqaoui/tangerine-v2-2/src/store/uiStore.js": {"path":"/Users/omarcherqaoui/tangerine-v2-2/src/store/uiStore.js","statementMap":{"0":{"start":{"line":3,"column":25},"end":{"line":36,"column":3}},"1":{"start":{"line":3,"column":43},"end":{"line":36,"column":1}},"2":{"start":{"line":5,"column":35},"end":{"line":5,"column":68}},"3":{"start":{"line":8,"column":32},"end":{"line":8,"column":62}},"4":{"start":{"line":11,"column":33},"end":{"line":11,"column":64}},"5":{"start":{"line":17,"column":4},"end":{"line":17,"column":85}},"6":{"start":{"line":21,"column":4},"end":{"line":21,"column":61}},"7":{"start":{"line":23,"column":4},"end":{"line":23,"column":77}},"8":{"start":{"line":26,"column":37},"end":{"line":26,"column":72}},"9":{"start":{"line":30,"column":28},"end":{"line":30,"column":54}},"10":{"start":{"line":31,"column":36},"end":{"line":31,"column":70}},"11":{"start":{"line":34,"column":26},"end":{"line":34,"column":87}},"12":{"start":{"line":34,"column":42},"end":{"line":34,"column":85}},"13":{"start":{"line":35,"column":27},"end":{"line":35,"column":104}},"14":{"start":{"line":35,"column":43},"end":{"line":35,"column":102}},"15":{"start":{"line":35,"column":88},"end":{"line":35,"column":99}}},"fnMap":{"0":{"name":"(anonymous_0)","decl":{"start":{"line":3,"column":33},"end":{"line":3,"column":34}},"loc":{"start":{"line":3,"column":43},"end":{"line":36,"column":1}},"line":3},"1":{"name":"(anonymous_1)","decl":{"start":{"line":5,"column":22},"end":{"line":5,"column":23}},"loc":{"start":{"line":5,"column":35},"end":{"line":5,"column":68}},"line":5},"2":{"name":"(anonymous_2)","decl":{"start":{"line":8,"column":20},"end":{"line":8,"column":21}},"loc":{"start":{"line":8,"column":32},"end":{"line":8,"column":62}},"line":8},"3":{"name":"(anonymous_3)","decl":{"start":{"line":11,"column":23},"end":{"line":11,"column":24}},"loc":{"start":{"line":11,"column":33},"end":{"line":11,"column":64}},"line":11},"4":{"name":"(anonymous_4)","decl":{"start":{"line":16,"column":13},"end":{"line":16,"column":14}},"loc":{"start":{"line":17,"column":4},"end":{"line":17,"column":85}},"line":17},"5":{"name":"(anonymous_5)","decl":{"start":{"line":20,"column":20},"end":{"line":20,"column":21}},"loc":{"start":{"line":21,"column":4},"end":{"line":21,"column":61}},"line":21},"6":{"name":"(anonymous_6)","decl":{"start":{"line":22,"column":20},"end":{"line":22,"column":21}},"loc":{"start":{"line":23,"column":4},"end":{"line":23,"column":77}},"line":23},"7":{"name":"(anonymous_7)","decl":{"start":{"line":26,"column":23},"end":{"line":26,"column":24}},"loc":{"start":{"line":26,"column":37},"end":{"line":26,"column":72}},"line":26},"8":{"name":"(anonymous_8)","decl":{"start":{"line":30,"column":18},"end":{"line":30,"column":19}},"loc":{"start":{"line":30,"column":28},"end":{"line":30,"column":54}},"line":30},"9":{"name":"(anonymous_9)","decl":{"start":{"line":31,"column":22},"end":{"line":31,"column":23}},"loc":{"start":{"line":31,"column":36},"end":{"line":31,"column":70}},"line":31},"10":{"name":"(anonymous_10)","decl":{"start":{"line":34,"column":16},"end":{"line":34,"column":17}},"loc":{"start":{"line":34,"column":26},"end":{"line":34,"column":87}},"line":34},"11":{"name":"(anonymous_11)","decl":{"start":{"line":34,"column":30},"end":{"line":34,"column":31}},"loc":{"start":{"line":34,"column":42},"end":{"line":34,"column":85}},"line":34},"12":{"name":"(anonymous_12)","decl":{"start":{"line":35,"column":19},"end":{"line":35,"column":20}},"loc":{"start":{"line":35,"column":27},"end":{"line":35,"column":104}},"line":35},"13":{"name":"(anonymous_13)","decl":{"start":{"line":35,"column":31},"end":{"line":35,"column":32}},"loc":{"start":{"line":35,"column":43},"end":{"line":35,"column":102}},"line":35},"14":{"name":"(anonymous_14)","decl":{"start":{"line":35,"column":81},"end":{"line":35,"column":82}},"loc":{"start":{"line":35,"column":88},"end":{"line":35,"column":99}},"line":35}},"branchMap":{"0":{"loc":{"start":{"line":16,"column":22},"end":{"line":16,"column":36}},"type":"default-arg","locations":[{"start":{"line":16,"column":32},"end":{"line":16,"column":36}}],"line":16},"1":{"loc":{"start":{"line":16,"column":38},"end":{"line":16,"column":52}},"type":"default-arg","locations":[{"start":{"line":16,"column":51},"end":{"line":16,"column":52}}],"line":16},"2":{"loc":{"start":{"line":20,"column":30},"end":{"line":20,"column":46}},"type":"default-arg","locations":[{"start":{"line":20,"column":37},"end":{"line":20,"column":46}}],"line":20}},"s":{"0":1,"1":1,"2":3,"3":2,"4":2,"5":3,"6":3,"7":1,"8":2,"9":2,"10":1,"11":5,"12":5,"13":1,"14":1,"15":2},"f":{"0":1,"1":3,"2":2,"3":2,"4":3,"5":3,"6":1,"7":2,"8":2,"9":1,"10":5,"11":5,"12":1,"13":1,"14":2},"b":{"0":[3],"1":[3],"2":[3]},"meta":{"lastBranch":3,"lastFunction":15,"lastStatement":16,"seen":{"s:3:25:36:3":0,"f:3:33:3:34":0,"s:3:43:36:1":1,"f:5:22:5:23":1,"s:5:35:5:68":2,"f:8:20:8:21":2,"s:8:32:8:62":3,"f:11:23:11:24":3,"s:11:33:11:64":4,"f:16:13:16:14":4,"s:17:4:17:85":5,"b:16:32:16:36":0,"b:16:51:16:52":1,"f:20:20:20:21":5,"s:21:4:21:61":6,"b:20:37:20:46":2,"f:22:20:22:21":6,"s:23:4:23:77":7,"f:26:23:26:24":7,"s:26:37:26:72":8,"f:30:18:30:19":8,"s:30:28:30:54":9,"f:31:22:31:23":9,"s:31:36:31:70":10,"f:34:16:34:17":10,"s:34:26:34:87":11,"f:34:30:34:31":11,"s:34:42:34:85":12,"f:35:19:35:20":12,"s:35:27:35:104":13,"f:35:31:35:32":13,"s:35:43:35:102":14,"f:35:81:35:82":14,"s:35:88:35:99":15}}}
}
